search
closed (341,265) opened  (340,264) (342,264) (342,266) (340,266) (340,265) (341,264) (342,265) (341,266)
closed (342,264) opened  (341,263) (343,263) (343,265) (341,265) (341,264) (342,263) (343,264) (342,265)
closed (343,263) opened  (342,262) (344,262) (344,264) (342,264) (342,263) (343,262) (344,263) (343,264)
closed (343,262) opened  (342,261) (344,261) (344,263) (342,263) (342,262) (343,261) (344,262) (343,263)
closed (343,261) opened  (342,260) (344,260) (344,262) (342,262) (342,261) (343,260) (344,261) (343,262)
closed (343,260) opened  (342,259) (344,259) (344,261) (342,261) (342,260) (343,259) (344,260) (343,261)
closed (343,259) opened  (342,258) (344,258) (344,260) (342,260) (342,259) (343,258) (344,259) (343,260)
closed (343,258) opened  (342,257) (344,257) (344,259) (342,259) (342,258) (343,257) (344,258) (343,259)
closed (343,257) opened  (342,256) (344,256) (344,258) (342,258) (342,257) (343,256) (344,257) (343,258)
closed (343,256) opened  (342,255) (344,255) (344,257) (342,257) (342,256) (343,255) (344,256) (343,257)
closed (343,255) opened  (342,254) (344,254) (344,256) (342,256) (342,255) (343,254) (344,255) (343,256)
closed (344,254) opened  (343,253) (345,253) (345,255) (343,255) (343,254) (344,253) (345,254) (344,255)
closed (345,253) opened  (344,252) (346,252) (346,254) (344,254) (344,253) (345,252) (346,253) (345,254)
closed (346,252) opened  (345,251) (347,251) (347,253) (345,253) (345,252) (346,251) (347,252) (346,253)
closed (347,251) opened  (346,250) (348,250) (348,252) (346,252) (346,251) (347,250) (348,251) (347,252)
closed (348,250) opened  (347,249) (349,249) (349,251) (347,251) (347,250) (348,249) (349,250) (348,251)
closed (349,249) opened  (348,248) (350,248) (350,250) (348,250) (348,249) (349,248) (350,249) (349,250)
closed (350,248) opened  (349,247) (351,247) (351,249) (349,249) (349,248) (350,247) (351,248) (350,249)
closed (351,247) opened  (350,246) (352,246) (352,248) (350,248) (350,247) (351,246) (352,247) (351,248)
closed (352,246) opened  (351,245) (353,245) (353,247) (351,247) (351,246) (352,245) (353,246) (352,247)
closed (353,245) opened  (352,244) (354,244) (354,246) (352,246) (352,245) (353,244) (354,245) (353,246)
closed (354,244) opened  (353,243) (355,243) (355,245) (353,245) (353,244) (354,243) (355,244) (354,245)
closed (354,243) opened  (353,242) (355,242) (355,244) (353,244) (353,243) (354,242) (355,243) (354,244)
closed (354,242) opened  (353,241) (355,241) (355,243) (353,243) (353,242) (354,241) (355,242) (354,243)
closed (354,241) opened  (353,240) (355,240) (355,242) (353,242) (353,241) (354,240) (355,241) (354,242)
closed (354,240) opened  (353,239) (355,239) (355,241) (353,241) (353,240) (354,239) (355,240) (354,241)
closed (354,239) opened  (353,238) (355,238) (355,240) (353,240) (353,239) (354,238) (355,239) (354,240)
closed (355,238) opened  (354,237) (356,237) (356,239) (354,239) (354,238) (355,237) (356,238) (355,239)
closed (356,237) opened  (355,236) (357,236) (357,238) (355,238) (355,237) (356,236) (357,237) (356,238)
closed (357,236) opened  (356,235) (358,235) (358,237) (356,237) (356,236) (357,235) (358,236) (357,237)
closed (358,235) opened  (357,234) (359,234) (359,236) (357,236) (357,235) (358,234) (359,235) (358,236)
closed (359,234) opened  (358,233) (360,233) (360,235) (358,235) (358,234) (359,233) (360,234) (359,235)
closed (360,233) opened  (359,232) (361,232) (361,234) (359,234) (359,233) (360,232) (361,233) (360,234)
closed (361,232) opened  (360,231) (362,231) (362,233) (360,233) (360,232) (361,231) (362,232) (361,233)
closed (362,231) opened  (361,230) (363,230) (363,232) (361,232) (361,231) (362,230) (363,231) (362,232)
closed (363,230) opened  (362,229) (364,229) (364,231) (362,231) (362,230) (363,229) (364,230) (363,231)
closed (364,229) opened  (363,228) (365,228) (365,230) (363,230) (363,229) (364,228) (365,229) (364,230)
closed (364,228) opened  (363,227) (365,227) (365,229) (363,229) (363,228) (364,227) (365,228) (364,229)
closed (364,227) opened  (363,226) (365,226) (365,228) (363,228) (363,227) (364,226) (365,227) (364,228)
closed (364,226) opened  (363,225) (365,225) (365,227) (363,227) (363,226) (364,225) (365,226) (364,227)
closed (364,225) opened  (363,224) (365,224) (365,226) (363,226) (363,225) (364,224) (365,225) (364,226)
closed (364,224) opened  (363,223) (365,223) (365,225) (363,225) (363,224) (364,223) (365,224) (364,225)
closed (364,223) opened  (363,222) (365,222) (365,224) (363,224) (363,223) (364,222) (365,223) (364,224)
closed (364,222) opened  (363,221) (365,221) (365,223) (363,223) (363,222) (364,221) (365,222) (364,223)
closed (364,221) opened  (363,220) (365,220) (365,222) (363,222) (363,221) (364,220) (365,221) (364,222)
closed (364,220) opened  (363,219) (365,219) (365,221) (363,221) (363,220) (364,219) (365,220) (364,221)
closed (364,219) opened  (363,218) (365,218) (365,220) (363,220) (363,219) (364,218) (365,219) (364,220)
closed (364,218) opened  (363,217) (365,217) (365,219) (363,219) (363,218) (364,217) (365,218) (364,219)
closed (364,217) opened  (363,216) (365,216) (365,218) (363,218) (363,217) (364,216) (365,217) (364,218)
closed (364,216) opened  (363,215) (365,215) (365,217) (363,217) (363,216) (364,215) (365,216) (364,217)
closed (364,215) opened  (363,214) (365,214) (365,216) (363,216) (363,215) (364,214) (365,215) (364,216)
closed (364,214) opened  (363,213) (365,213) (365,215) (363,215) (363,214) (364,213) (365,214) (364,215)
closed (364,213) opened  (363,212) (365,212) (365,214) (363,214) (363,213) (364,212) (365,213) (364,214)
closed (364,212) opened  (363,211) (365,211) (365,213) (363,213) (363,212) (364,211) (365,212) (364,213)
closed (364,211) opened  (363,210) (365,210) (365,212) (363,212) (363,211) (364,210) (365,211) (364,212)
closed (364,210) opened  (363,209) (365,209) (365,211) (363,211) (363,210) (364,209) (365,210) (364,211)
closed (364,209) opened  (363,208) (365,208) (365,210) (363,210) (363,209) (364,208) (365,209) (364,210)
closed (364,208) opened  (363,207) (365,207) (365,209) (363,209) (363,208) (364,207) (365,208) (364,209)
closed (364,207) opened  (363,206) (365,206) (365,208) (363,208) (363,207) (364,206) (365,207) (364,208)
closed (364,206) opened  (363,205) (365,205) (365,207) (363,207) (363,206) (364,205) (365,206) (364,207)
closed (364,205) opened  (363,204) (365,204) (365,206) (363,206) (363,205) (364,204) (365,205) (364,206)
closed (364,204) opened  (363,203) (365,203) (365,205) (363,205) (363,204) (364,203) (365,204) (364,205)
closed (364,203) opened  (363,202) (365,202) (365,204) (363,204) (363,203) (364,202) (365,203) (364,204)
closed (364,202) opened  (363,201) (365,201) (365,203) (363,203) (363,202) (364,201) (365,202) (364,203)
closed (364,201) opened  (363,200) (365,200) (365,202) (363,202) (363,201) (364,200) (365,201) (364,202)
closed (364,200) opened  (363,199) (365,199) (365,201) (363,201) (363,200) (364,199) (365,200) (364,201)
closed (365,199) opened  (364,198) (366,198) (366,200) (364,200) (364,199) (365,198) (366,199) (365,200)
closed (366,198) opened  (365,197) (367,197) (367,199) (365,199) (365,198) (366,197) (367,198) (366,199)
closed (367,197) opened  (366,196) (368,196) (368,198) (366,198) (366,197) (367,196) (368,197) (367,198)
closed (368,196) opened  (367,195) (369,195) (369,197) (367,197) (367,196) (368,195) (369,196) (368,197)
closed (369,195) opened  (368,194) (370,194) (370,196) (368,196) (368,195) (369,194) (370,195) (369,196)
closed (370,194) opened  (369,193) (371,193) (371,195) (369,195) (369,194) (370,193) (371,194) (370,195)
closed (371,193) opened  (370,192) (372,192) (372,194) (370,194) (370,193) (371,192) (372,193) (371,194)
closed (372,192) opened  (371,191) (373,191) (373,193) (371,193) (371,192) (372,191) (373,192) (372,193)
closed (373,191) opened  (372,190) (374,190) (374,192) (372,192) (372,191) (373,190) (374,191) (373,192)
closed (374,190) opened  (373,189) (375,189) (375,191) (373,191) (373,190) (374,189) (375,190) (374,191)
closed (375,189) opened  (374,188) (376,188) (376,190) (374,190) (374,189) (375,188) (376,189) (375,190)
closed (376,188) opened  (375,187) (377,187) (377,189) (375,189) (375,188) (376,187) (377,188) (376,189)
closed (377,187) opened  (376,186) (378,186) (378,188) (376,188) (376,187) (377,186) (378,187) (377,188)
closed (378,186) opened  (377,185) (379,185) (379,187) (377,187) (377,186) (378,185) (379,186) (378,187)
closed (379,185) opened  (378,184) (380,184) (380,186) (378,186) (378,185) (379,184) (380,185) (379,186)
closed (380,184) opened  (379,183) (381,183) (381,185) (379,185) (379,184) (380,183) (381,184) (380,185)
closed (381,183) opened  (380,182) (382,182) (382,184) (380,184) (380,183) (381,182) (382,183) (381,184)
closed (382,182) opened  (381,181) (383,181) (383,183) (381,183) (381,182) (382,181) (383,182) (382,183)
closed (383,181) opened  (382,180) (384,180) (384,182) (382,182) (382,181) (383,180) (384,181) (383,182)
closed (384,180) opened  (383,179) (385,179) (385,181) (383,181) (383,180) (384,179) (385,180) (384,181)
closed (385,179) opened  (384,178) (386,178) (386,180) (384,180) (384,179) (385,178) (386,179) (385,180)
closed (386,178) opened  (385,177) (387,177) (387,179) (385,179) (385,178) (386,177) (387,178) (386,179)
closed (387,177) opened  (386,176) (388,176) (388,178) (386,178) (386,177) (387,176) (388,177) (387,178)
closed (388,176) opened  (387,175) (389,175) (389,177) (387,177) (387,176) (388,175) (389,176) (388,177)
closed (389,175) opened  (388,174) (390,174) (390,176) (388,176) (388,175) (389,174) (390,175) (389,176)
closed (390,174) opened  (389,173) (391,173) (391,175) (389,175) (389,174) (390,173) (391,174) (390,175)
closed (391,173) opened  (390,172) (392,172) (392,174) (390,174) (390,173) (391,172) (392,173) (391,174)
closed (392,172) opened  (391,171) (393,171) (393,173) (391,173) (391,172) (392,171) (393,172) (392,173)
closed (393,171) opened  (392,170) (394,170) (394,172) (392,172) (392,171) (393,170) (394,171) (393,172)
closed (394,170) opened  (393,169) (395,169) (395,171) (393,171) (393,170) (394,169) (395,170) (394,171)
closed (395,169) opened  (394,168) (396,168) (396,170) (394,170) (394,169) (395,168) (396,169) (395,170)
closed (396,168) opened  (395,167) (397,167) (397,169) (395,169) (395,168) (396,167) (397,168) (396,169)
closed (396,167) opened  (395,166) (397,166) (397,168) (395,168) (395,167) (396,166) (397,167) (396,168)
closed (396,166) opened  (395,165) (397,165) (397,167) (395,167) (395,166) (396,165) (397,166) (396,167)
closed (396,165) opened  (395,164) (397,164) (397,166) (395,166) (395,165) (396,164) (397,165) (396,166)
closed (396,164) opened  (395,163) (397,163) (397,165) (395,165) (395,164) (396,163) (397,164) (396,165)
closed (396,163) opened  (395,162) (397,162) (397,164) (395,164) (395,163) (396,162) (397,163) (396,164)
closed (396,162) opened  (395,161) (397,161) (397,163) (395,163) (395,162) (396,161) (397,162) (396,163)
closed (396,161) opened  (395,160) (397,160) (397,162) (395,162) (395,161) (396,160) (397,161) (396,162)
closed (396,160) opened  (395,159) (397,159) (397,161) (395,161) (395,160) (396,159) (397,160) (396,161)
closed (396,159) opened  (395,158) (397,158) (397,160) (395,160) (395,159) (396,158) (397,159) (396,160)
closed (396,158) opened  (395,157) (397,157) (397,159) (395,159) (395,158) (396,157) (397,158) (396,159)
closed (396,157) opened  (395,156) (397,156) (397,158) (395,158) (395,157) (396,156) (397,157) (396,158)
closed (396,156) opened  (395,155) (397,155) (397,157) (395,157) (395,156) (396,155) (397,156) (396,157)
closed (396,155) opened  (395,154) (397,154) (397,156) (395,156) (395,155) (396,154) (397,155) (396,156)
closed (396,154) opened  (395,153) (397,153) (397,155) (395,155) (395,154) (396,153) (397,154) (396,155)
closed (396,153) opened  (395,152) (397,152) (397,154) (395,154) (395,153) (396,152) (397,153) (396,154)
closed (396,152) opened  (395,151) (397,151) (397,153) (395,153) (395,152) (396,151) (397,152) (396,153)
closed (396,151) opened  (395,150) (397,150) (397,152) (395,152) (395,151) (396,150) (397,151) (396,152)
closed (396,150) opened  (395,149) (397,149) (397,151) (395,151) (395,150) (396,149) (397,150) (396,151)
closed (396,149) opened  (395,148) (397,148) (397,150) (395,150) (395,149) (396,148) (397,149) (396,150)
closed (396,148)
path
(341,265)
(342,264)
(343,263)
(343,262)
(343,261)
(343,260)
(343,259)
(343,258)
(343,257)
(343,256)
(343,255)
(344,254)
(345,253)
(346,252)
(347,251)
(348,250)
(349,249)
(350,248)
(351,247)
(352,246)
(353,245)
(354,244)
(354,243)
(354,242)
(354,241)
(354,240)
(354,239)
(355,238)
(356,237)
(357,236)
(358,235)
(359,234)
(360,233)
(361,232)
(362,231)
(363,230)
(364,229)
(364,228)
(364,227)
(364,226)
(364,225)
(364,224)
(364,223)
(364,222)
(364,221)
(364,220)
(364,219)
(364,218)
(364,217)
(364,216)
(364,215)
(364,214)
(364,213)
(364,212)
(364,211)
(364,210)
(364,209)
(364,208)
(364,207)
(364,206)
(364,205)
(364,204)
(364,203)
(364,202)
(364,201)
(364,200)
(365,199)
(366,198)
(367,197)
(368,196)
(369,195)
(370,194)
(371,193)
(372,192)
(373,191)
(374,190)
(375,189)
(376,188)
(377,187)
(378,186)
(379,185)
(380,184)
(381,183)
(382,182)
(383,181)
(384,180)
(385,179)
(386,178)
(387,177)
(388,176)
(389,175)
(390,174)
(391,173)
(392,172)
(393,171)
(394,170)
(395,169)
(396,168)
(396,167)
(396,166)
(396,165)
(396,164)
(396,163)
(396,162)
(396,161)
(396,160)
(396,159)
(396,158)
(396,157)
(396,156)
(396,155)
(396,154)
(396,153)
(396,152)
(396,151)
(396,150)
(396,149)
(396,148)
