
Aftershock (octile) &  366.007 & 0.241077 & 19871.6 & 1810 \\
Aftershock (gateway) &  366.007 & 0.215062 & 14074.9 & 1810 \\
Aftershock (octile - top 10 \%) &  691.688 & 0.66298 & 52586.5 & 181 \\
Aftershock (gateway - top 10 \%) &  691.688 & 0.545149 & 33692.1 & 181 \\
Archipelago (octile) &  436.004 & 0.313657 & 25803.4 & 2160 \\
Archipelago (gateway) &  436.004 & 0.327068 & 23288.5 & 2160 \\
Archipelago (octile - top 10 \%) &  824.659 & 0.8481 & 68250.8 & 216 \\
Archipelago (gateway - top 10 \%) &  824.659 & 0.860106 & 59805.8 & 216 \\
ArcticStation (octile) &  823.982 & 1.36052 & 109318 & 4100 \\
ArcticStation (gateway) &  823.982 & 0.839048 & 58532.7 & 4100 \\
ArcticStation (octile - top 10 \%) &  1562.02 & 3.7799 & 297026 & 410 \\
ArcticStation (gateway - top 10 \%) &  1562.02 & 1.99834 & 136491 & 410 \\
Aurora (octile) &  601.977 & 0.911096 & 70297.2 & 2990 \\
Aurora (gateway) &  601.977 & 1.46451 & 59310.5 & 2990 \\
Aurora (octile - top 10 \%) &  1140.12 & 2.5864 & 193808 & 299 \\
Aurora (gateway - top 10 \%) &  1140.12 & 4.2455 & 172822 & 299 \\


Backwoods (octile) &  490.006 & 0.342409 & 28910.2 & 2430 \\
Backwoods (gateway) &  490.006 & 0.194723 & 13196 & 2430 \\
Backwoods (octile - top 10 \%) &  927.336 & 0.78045 & 64159.4 & 243 \\
Backwoods (gateway - top 10 \%) &  927.336 & 0.41915 & 28016.8 & 243 \\
BigGameHunters (octile) &  362.028 & 0.211085 & 17816.6 & 1790 \\
BigGameHunters (gateway) &  362.028 & 0.140646 & 11010.4 & 1790 \\
BigGameHunters (octile - top 10 \%) &  684.247 & 0.515899 & 42276.8 & 179 \\
BigGameHunters (gateway - top 10 \%) &  684.247 & 0.354932 & 26779.9 & 179 \\
BlackLotus (octile) &  756.024 & 0.940296 & 76370.6 & 3760 \\
BlackLotus (gateway) &  756.024 & 0.697397 & 46351.5 & 3760 \\
BlackLotus (octile - top 10 \%) &  1432.77 & 2.63075 & 212423 & 376 \\
BlackLotus (gateway - top 10 \%) &  1432.77 & 1.80051 & 117468 & 376 \\
BlastFurnace (octile) &  615.973 & 0.811672 & 64061.2 & 3060 \\
BlastFurnace (gateway) &  615.973 & 0.606275 & 39593.8 & 3060 \\
BlastFurnace (octile - top 10 \%) &  1166.64 & 2.34488 & 181269 & 306 \\
BlastFurnace (gateway - top 10 \%) &  1166.64 & 2.08536 & 132350 & 306 \\
BrokenSteppes (octile) &  559.994 & 0.632492 & 48071.1 & 2780 \\
BrokenSteppes (gateway) &  559.994 & 0.457259 & 30901.7 & 2780 \\
BrokenSteppes (octile - top 10 \%) &  1060.36 & 1.77717 & 130938 & 278 \\
BrokenSteppes (gateway - top 10 \%) &  1060.36 & 1.35269 & 88581.7 & 278 \\
Brushfire (octile) &  433.974 & 0.261745 & 22253.5 & 2150 \\
Brushfire (gateway) &  433.974 & 0.156646 & 11869.6 & 2150 \\
Brushfire (octile - top 10 \%) &  820.915 & 0.646845 & 53250.5 & 215 \\
Brushfire (gateway - top 10 \%) &  820.915 & 0.383322 & 27839.7 & 215 \\
Caldera (octile) &  342.003 & 0.183796 & 15232.4 & 1690 \\
Caldera (gateway) &  342.003 & 0.196134 & 14141.4 & 1690 \\
Caldera (octile - top 10 \%) &  646.11 & 0.498679 & 38940.6 & 169 \\
Caldera (gateway - top 10 \%) &  646.11 & 0.551151 & 37797.9 & 169 \\
CatwalkAlley (octile) &  531.982 & 0.668454 & 55933.2 & 2640 \\
CatwalkAlley (gateway) &  531.982 & 0.408368 & 29066.9 & 2640 \\
CatwalkAlley (octile - top 10 \%) &  1007.08 & 1.76437 & 144041 & 264 \\
CatwalkAlley (gateway - top 10 \%) &  1007.08 & 1.21251 & 85373.1 & 264 \\
Cauldron (octile) &  803.988 & 1.40978 & 106068 & 4000 \\
Cauldron (gateway) &  803.988 & 1.02744 & 66193.6 & 4000 \\
Cauldron (octile - top 10 \%) &  1523.95 & 4.27554 & 315116 & 400 \\
Cauldron (gateway - top 10 \%) &  1523.95 & 3.32576 & 206927 & 400 \\
CrashSites (octile) &  566.027 & 0.502942 & 38740.1 & 2810 \\
CrashSites (gateway) &  566.027 & 0.961835 & 63996.8 & 2810 \\
CrashSites (octile - top 10 \%) &  1071.88 & 1.22996 & 92572.2 & 281 \\
CrashSites (gateway - top 10 \%) &  1071.88 & 2.55482 & 168901 & 281 \\
CrescentMoon (octile) &  371.949 & 0.245615 & 20151.9 & 1840 \\
CrescentMoon (gateway) &  371.949 & 0.23686 & 17359.8 & 1840 \\
CrescentMoon (octile - top 10 \%) &  703.089 & 0.62964 & 49235.5 & 184 \\
CrescentMoon (gateway - top 10 \%) &  703.089 & 0.580466 & 39791.9 & 184 \\
Crossroads (octile) &  558.019 & 0.552763 & 42992.7 & 2770 \\
Crossroads (gateway) &  558.019 & 0.351565 & 24824.1 & 2770 \\
Crossroads (octile - top 10 \%) &  1056.54 & 1.37644 & 104554 & 277 \\
Crossroads (gateway - top 10 \%) &  1056.54 & 0.755194 & 51899.3 & 277 \\
DarkContinent (octile) &  509.998 & 0.575449 & 45563.6 & 2530 \\
DarkContinent (gateway) &  509.998 & 0.415035 & 29244 & 2530 \\
DarkContinent (octile - top 10 \%) &  965.306 & 1.572 & 120065 & 253 \\
DarkContinent (gateway - top 10 \%) &  965.306 & 1.08551 & 74615.5 & 253 \\
Desolation (octile) &  376.035 & 0.219499 & 18618.7 & 1860 \\
Desolation (gateway) &  376.035 & 0.170364 & 12633.6 & 1860 \\
Desolation (octile - top 10 \%) &  710.81 & 0.587091 & 48460.9 & 186 \\
Desolation (gateway - top 10 \%) &  710.81 & 0.436653 & 31574.5 & 186 \\
EbonLakes (octile) &  399.969 & 0.341353 & 27962.2 & 1980 \\
EbonLakes (gateway) &  399.969 & 0.231499 & 16850.2 & 1980 \\
EbonLakes (octile - top 10 \%) &  756.252 & 1.04539 & 83654.7 & 198 \\
EbonLakes (gateway - top 10 \%) &  756.252 & 0.66303 & 46836.3 & 198 \\
Elderlands (octile) &  489.992 & 0.345453 & 27669.8 & 2430 \\
Elderlands (gateway) &  489.992 & 0.254552 & 17517.3 & 2430 \\
Elderlands (octile - top 10 \%) &  927.366 & 0.881309 & 64632 & 243 \\
Elderlands (gateway - top 10 \%) &  927.366 & 0.641511 & 40846.9 & 243 \\
Enigma (octile) &  657.994 & 0.575297 & 48160.2 & 3270 \\
Enigma (gateway) &  657.994 & 0.402283 & 27563.4 & 3270 \\
Enigma (octile - top 10 \%) &  1246.52 & 1.36836 & 112693 & 327 \\
Enigma (gateway - top 10 \%) &  1246.52 & 0.836758 & 56114.4 & 327 \\
Entanglement (octile) &  337.968 & 0.183081 & 15114.6 & 1670 \\
Entanglement (gateway) &  337.968 & 0.205483 & 12634.4 & 1670 \\
Entanglement (octile - top 10 \%) &  638.47 & 0.575276 & 45454.4 & 167 \\
Entanglement (gateway - top 10 \%) &  638.47 & 0.621838 & 36854.1 & 167 \\
Eruption (octile) &  362.04 & 0.250424 & 20710.9 & 1790 \\
Eruption (gateway) &  362.04 & 0.189911 & 13250.9 & 1790 \\
Eruption (octile - top 10 \%) &  684.188 & 0.664857 & 52549.5 & 179 \\
Eruption (gateway - top 10 \%) &  684.188 & 0.516152 & 35030.8 & 179 \\
Expedition (octile) &  641.952 & 0.628432 & 47379.6 & 3190 \\
Expedition (gateway) &  641.952 & 0.673775 & 40329.1 & 3190 \\
Expedition (octile - top 10 \%) &  1216.17 & 1.74328 & 124115 & 319 \\
Expedition (gateway - top 10 \%) &  1216.17 & 1.86039 & 107949 & 319 \\
FireWalker (octile) &  507.999 & 0.387968 & 33734 & 2520 \\
FireWalker (gateway) &  507.999 & 0.23202 & 18072.9 & 2520 \\
FireWalker (octile - top 10 \%) &  961.605 & 0.901249 & 76026 & 252 \\
FireWalker (gateway - top 10 \%) &  961.605 & 0.550081 & 42717.1 & 252 \\
FloodedPlains (octile) &  551.988 & 0.568366 & 43909 & 2740 \\
FloodedPlains (gateway) &  551.988 & 0.252242 & 16846.9 & 2740 \\
FloodedPlains (octile - top 10 \%) &  1045.21 & 1.57783 & 118576 & 274 \\
FloodedPlains (gateway - top 10 \%) &  1045.21 & 0.610497 & 39298.8 & 274 \\
GhostTown (octile) &  463.98 & 0.402711 & 33159.1 & 2300 \\
GhostTown (gateway) &  463.98 & 0.441651 & 29283.1 & 2300 \\
GhostTown (octile - top 10 \%) &  878.01 & 1.39857 & 108157 & 230 \\
GhostTown (gateway - top 10 \%) &  878.01 & 1.48184 & 95791 & 230 \\
GladiatorPits (octile) &  524.031 & 0.601765 & 46781.4 & 2600 \\
GladiatorPits (gateway) &  524.031 & 0.342251 & 24235.1 & 2600 \\
GladiatorPits (octile - top 10 \%) &  992.075 & 1.81356 & 135790 & 260 \\
GladiatorPits (gateway - top 10 \%) &  992.075 & 0.895003 & 60943.4 & 260 \\
GreenerPastures (octile) &  521.99 & 0.582307 & 46374.7 & 2590 \\
GreenerPastures (gateway) &  521.99 & 0.727395 & 52587.8 & 2590 \\
GreenerPastures (octile - top 10 \%) &  988.217 & 1.70985 & 128752 & 259 \\
GreenerPastures (gateway - top 10 \%) &  988.217 & 2.35678 & 165761 & 259 \\
Hellfire (octile) &  567.958 & 0.496718 & 39103.5 & 2820 \\
Hellfire (gateway) &  567.958 & 0.503503 & 34950.3 & 2820 \\
Hellfire (octile - top 10 \%) &  1075.62 & 1.41179 & 106770 & 282 \\
Hellfire (gateway - top 10 \%) &  1075.62 & 1.55237 & 104380 & 282 \\
AR0011SR (octile) &  256.401 & 0.123364 & 10769.3 & 1280 \\
AR0011SR (gateway) &  256.401 & 0.0826659 & 6410.2 & 1280 \\
AR0012SR (octile) &  256.237 & 0.131738 & 11041.3 & 1280 \\
AR0012SR (gateway) &  256.237 & 0.0830003 & 5603.82 & 1280 \\
AR0016SR (octile) &  244.874 & 0.0879769 & 7431.08 & 1221 \\
AR0016SR (gateway) &  244.874 & 0.0706569 & 5462.57 & 1221 \\
AR0017SR (octile) &  256.228 & 0.13387 & 10865.4 & 1280 \\
AR0017SR (gateway) &  256.228 & 0.0717539 & 5648.26 & 1280 \\
AR0018SR (octile) &  256.336 & 0.144329 & 12109.9 & 1280 \\
AR0018SR (gateway) &  256.336 & 0.0931953 & 6641.14 & 1280 \\
AR0020SR (octile) &  252.415 & 0.0579244 & 6572.05 & 1260 \\
AR0020SR (gateway) &  252.415 & 0.0595243 & 6161.12 & 1260 \\
AR0041SR (octile) &  256.26 & 0.0666819 & 8151.08 & 1280 \\
AR0041SR (gateway) &  256.26 & 0.067017 & 8151.08 & 1280 \\
AR0042SR (octile) &  256.248 & 0.0736799 & 9115.91 & 1280 \\
AR0042SR (gateway) &  256.248 & 0.0739851 & 9115.91 & 1280 \\
AR0043SR (octile) &  256.293 & 0.0739815 & 9019.86 & 1280 \\
AR0043SR (gateway) &  256.293 & 0.0743828 & 9019.86 & 1280 \\
AR0044SR (octile) &  256.336 & 0.0687899 & 8539.81 & 1280 \\
AR0044SR (gateway) &  256.336 & 0.0701139 & 8538.38 & 1280 \\
AR0045SR (octile) &  256.25 & 0.0790795 & 8584.53 & 1280 \\
AR0045SR (gateway) &  256.25 & 0.0790443 & 8375.34 & 1280 \\
AR0046SR (octile) &  256.249 & 0.0701734 & 7785.29 & 1280 \\
AR0046SR (gateway) &  256.249 & 0.0622718 & 6999.26 & 1280 \\
AR0070SR (octile) &  256.394 & 0.102312 & 9045.7 & 1280 \\
AR0070SR (gateway) &  256.394 & 0.0538736 & 4439.68 & 1280 \\
AR0071SR (octile) &  256.343 & 0.0972062 & 8732.79 & 1280 \\
AR0071SR (gateway) &  256.343 & 0.0628387 & 5065.22 & 1280 \\
AR0072SR (octile) &  256.284 & 0.099796 & 8941.24 & 1280 \\
AR0072SR (gateway) &  256.284 & 0.0544059 & 4692.12 & 1280 \\
AR0201SR (octile) &  256.251 & 0.0439098 & 4410.46 & 1280 \\
AR0201SR (gateway) &  256.251 & 0.034195 & 3164.3 & 1280 \\
AR0202SR (octile) &  256.394 & 0.0744752 & 6884.3 & 1280 \\
AR0202SR (gateway) &  256.394 & 0.0540976 & 4364.9 & 1280 \\
AR0203SR (octile) &  256.206 & 0.086117 & 8356.96 & 1280 \\
AR0203SR (gateway) &  256.206 & 0.0830677 & 7868.46 & 1280 \\
AR0205SR (octile) &  256.256 & 0.0977825 & 8582.24 & 1280 \\
AR0205SR (gateway) &  256.256 & 0.0536145 & 4163.01 & 1280 \\
AR0206SR (octile) &  235.484 & 0.089751 & 7767.53 & 1175 \\
AR0206SR (gateway) &  235.484 & 0.0552508 & 4800.83 & 1175 \\
AR0300SR (octile) &  256.326 & 0.0944994 & 8591.98 & 1280 \\
AR0300SR (gateway) &  256.326 & 0.0592571 & 4559.64 & 1280 \\
AR0302SR (octile) &  247.245 & 0.0968242 & 8437.84 & 1233 \\
AR0302SR (gateway) &  247.245 & 0.078864 & 6263.26 & 1233 \\
AR0304SR (octile) &  255.341 & 0.102257 & 8956.08 & 1275 \\
AR0304SR (gateway) &  255.341 & 0.0845309 & 6630.94 & 1275 \\
AR0306SR (octile) &  256.239 & 0.129114 & 11153.3 & 1280 \\
AR0306SR (gateway) &  256.239 & 0.0740074 & 5899.42 & 1280 \\
AR0308SR (octile) &  256.272 & 0.142172 & 12231.3 & 1280 \\
AR0308SR (gateway) &  256.272 & 0.121287 & 8718.59 & 1280 \\
AR0400SR (octile) &  256.507 & 0.0862324 & 7950.09 & 1280 \\
AR0400SR (gateway) &  256.507 & 0.0643287 & 5468.58 & 1280 \\
AR0404SR (octile) &  256.307 & 0.083377 & 7719.69 & 1280 \\
AR0404SR (gateway) &  256.307 & 0.0861535 & 6985.98 & 1280 \\
AR0405SR (octile) &  256.367 & 0.139003 & 12144 & 1280 \\
AR0405SR (gateway) &  256.367 & 0.056619 & 4557.31 & 1280 \\
AR0406SR (octile) &  256.355 & 0.0800421 & 7411.41 & 1280 \\
AR0406SR (gateway) &  256.355 & 0.0453323 & 3617.57 & 1280 \\
AR0412SR (octile) &  256.23 & 0.0959357 & 8729.73 & 1280 \\
AR0412SR (gateway) &  256.23 & 0.0759473 & 6291.02 & 1280 \\
AR0418SR (octile) &  175.064 & 0.0197142 & 2643.4 & 874 \\
AR0418SR (gateway) &  175.064 & 0.0198274 & 2643.4 & 874 \\
AR0500SR (octile) &  256.352 & 0.0847354 & 7662.76 & 1280 \\
AR0500SR (gateway) &  256.352 & 0.0771017 & 5933.25 & 1280 \\
AR0526SR (octile) &  234.007 & 0.0809273 & 7489.05 & 1168 \\
AR0526SR (gateway) &  234.007 & 0.0671157 & 5931.95 & 1168 \\
AR0600SR (octile) &  256.266 & 0.0376544 & 3630.59 & 1280 \\
AR0600SR (gateway) &  256.266 & 0.0372316 & 3441.07 & 1280 \\
AR0602SR (octile) &  256.484 & 0.0727776 & 6844.94 & 1280 \\
AR0602SR (gateway) &  256.484 & 0.0483633 & 3922.25 & 1280 \\
AR0605SR (octile) &  243.527 & 0.0660797 & 6918.65 & 1215 \\
AR0605SR (gateway) &  243.527 & 0.062921 & 6515.35 & 1215 \\
AR0700SR (octile) &  256.341 & 0.105874 & 9291.59 & 1280 \\
AR0700SR (gateway) &  256.341 & 0.0863231 & 5755.05 & 1280 \\
AR0711SR (octile) &  256.297 & 0.0583396 & 5422.74 & 1280 \\
AR0711SR (gateway) &  256.297 & 0.0405665 & 3650.61 & 1280 \\
AcrosstheCape (octile) &  592.002 & 0.699794 & 54869.5 & 2940 \\
AcrosstheCape (gateway) &  592.002 & 0.399497 & 26281.1 & 2940 \\
AcrosstheCape (octile - top 10 \%) &  1121.23 & 1.85392 & 143584 & 294 \\
AcrosstheCape (gateway - top 10 \%) &  1121.23 & 0.897416 & 58622.7 & 294 \\

//Manually edited maps

Archipelago (octile) &  436.004 & 0.312057 & 25803.4 & 2160 \\
Archipelago (gateway) &  436.004 & 0.33104 & 23503.1 & 2160 \\
Archipelago (octile - top 10 \%) &  824.659 & 0.843785 & 68250.8 & 216 \\
Archipelago (gateway - top 10 \%) &  824.659 & 0.880472 & 61113.6 & 216 \\

Aurora (octile) &  601.977 & 0.906402 & 70297.2 & 2990 \\
Aurora (gateway) &  601.977 & 0.504679 & 31343.2 & 2990 \\
Aurora (octile - top 10 \%) &  1140.12 & 2.57245 & 193808 & 299 \\
Aurora (gateway - top 10 \%) &  1140.12 & 1.33735 & 80813 & 299 \\

Caldera (octile) &  342.003 & 0.183095 & 15232.4 & 1690 \\
Caldera (gateway) &  342.003 & 0.19552 & 14141.4 & 1690 \\
Caldera (octile - top 10 \%) &  646.11 & 0.496882 & 38940.6 & 169 \\
Caldera (gateway - top 10 \%) &  646.11 & 0.550034 & 37797.9 & 169 \\

CrashSites (octile) &  566.027 & 0.502431 & 38740.1 & 2810 \\
CrashSites (gateway) &  566.027 & 0.366918 & 25281 & 2810 \\
CrashSites (octile - top 10 \%) &  1071.88 & 1.22887 & 92572.2 & 281 \\
CrashSites (gateway - top 10 \%) &  1071.88 & 0.720231 & 49387.2 & 281 \\

CrescentMoon (octile) &  371.949 & 0.244408 & 20151.9 & 1840 \\
CrescentMoon (gateway) &  371.949 & 0.235953 & 17359.8 & 1840 \\
CrescentMoon (octile - top 10 \%) &  703.089 & 0.626973 & 49235.5 & 184 \\
CrescentMoon (gateway - top 10 \%) &  703.089 & 0.578432 & 39791.9 & 184 \\

Entanglement (octile) &  337.968 & 0.182213 & 15114.6 & 1670 \\
Entanglement (gateway) &  337.968 & 0.144462 & 10070.3 & 1670 \\
Entanglement (octile - top 10 \%) &  638.47 & 0.572658 & 45454.4 & 167 \\
Entanglement (gateway - top 10 \%) &  638.47 & 0.353212 & 24008.8 & 167 \\

Expedition (octile) &  641.952 & 0.626712 & 47379.6 & 3190 \\
Expedition (gateway) &  641.952 & 0.615473 & 40322.1 & 3190 \\
Expedition (octile - top 10 \%) &  1216.17 & 1.73781 & 124115 & 319 \\
Expedition (gateway - top 10 \%) &  1216.17 & 1.79018 & 112132 & 319 \\

GhostTown (octile) &  463.98 & 0.401836 & 33159.1 & 2300 \\
GhostTown (gateway) &  463.98 & 0.3914 & 24846.5 & 2300 \\
GhostTown (octile - top 10 \%) &  878.01 & 1.39476 & 108157 & 230 \\
GhostTown (gateway - top 10 \%) &  878.01 & 1.21052 & 73160.4 & 230 \\

GreenerPastures (octile) &  521.99 & 0.580358 & 46374.7 & 2590 \\
GreenerPastures (gateway) &  521.99 & 0.740176 & 51648.9 & 2590 \\
GreenerPastures (octile - top 10 \%) &  988.217 & 1.7015 & 128752 & 259 \\
GreenerPastures (gateway - top 10 \%) &  988.217 & 2.87258 & 188669 & 259 \\


//single search tests


CrashSites (octile) &  807.117 & 0.871036 & 62723 & 1 \\
CrashSites (gateway) &  807.117 & 5.50543 & 359854 & 1 \\
CrashSites (octile) &  804.548 & 1.5168 & 115468 & 1 \\
CrashSites (gateway) &  804.548 & 10.0135 & 671415 & 1 \\
CrashSites (octile) &  806.555 & 0.702807 & 51035 & 1 \\
CrashSites (gateway) &  806.555 & 2.63742 & 167627 & 1 \\
CrashSites (octile) &  807.318 & 1.05938 & 78459 & 1 \\
CrashSites (gateway) &  807.318 & 0.370732 & 24167 & 1 \\
CrashSites (octile) &  805.264 & 0.901624 & 69069 & 1 \\
CrashSites (gateway) &  805.264 & 1.08902 & 75462 & 1 \\
CrashSites (octile) &  804.247 & 1.22105 & 91114 & 1 \\
CrashSites (gateway) &  804.247 & 1.29397 & 85117 & 1 \\
CrashSites (octile) &  807.744 & 1.14146 & 84048 & 1 \\
CrashSites (gateway) &  807.744 & 0.385799 & 25087 & 1 \\
CrashSites (octile) &  806.911 & 0.286833 & 23802 & 1 \\
CrashSites (gateway) &  806.911 & 0.24959 & 18005 & 1 \\
CrashSites (octile) &  804.744 & 0.420534 & 31087 & 1 \\
CrashSites (gateway) &  804.744 & 0.329629 & 22466 & 1 \\
CrashSites (octile) &  806.531 & 0.833188 & 58213 & 1 \\
CrashSites (gateway) &  806.531 & 0.852111 & 52036 & 1 \\

GreenerPastures (octile) &  521.99 & 0.582534 & 46374.7 & 2590 \\
GreenerPastures (gateway) &  521.99 & 1.01107 & 69405.9 & 2590 \\
AR0600SR (micropather) &  256.266 & 0.00640573 & 0 & 1280 \\
AR0600SR (a_star_kaha) &  256.266 & 0.0377402 & 3630.59 & 1280 \\
AR0600SR (micropather) &  285.417 & 0.00761814 & 0 & 50 \\
AR0600SR (a_star_kaha) &  285.417 & 0.0442386 & 4206.7 & 50 \\
AR0600SR (octile) &  285.417 & 0.00762656 & 0 & 50 \\
AR0600SR (gateway) &  285.417 & 0.00933354 & 0 & 50 \\


______________________MICROPATHER___________________________
AR0526SR (octile) &  370.542 & 0.0540515 & 0 & 168 \\
AR0526SR (gateway) &  370.542 & 0.0521349 & 0 & 168 \\
AR0600SR (octile) &  365.91 & 0.0102381 & 0 & 280 \\
AR0600SR (gateway) &  365.91 & 0.0136238 & 0 & 280 \\
AR0602SR (octile) &  118.337 & 0.00221733 & 0 & 280 \\
AR0602SR (gateway) &  118.337 & 0.00325054 & 0 & 280 \\
GreenerPastures (octile) &  721.944 & 0.72362 & 0 & 1590 \\
ArcticStation (octile) &  823.982 & 0.968777 & 0 & 4100 \\
ArcticStation (gateway) &  823.982 & 0.229307 & 0 & 4100 \\
ArcticStation (octile - top 10 \%) &  1562.02 & 3.16957 & 0 & 410 \\
ArcticStation (gateway - top 10 \%) &  1562.02 & 0.60908 & 0 & 410 \\
Aurora (octile) &  601.977 & 0.632691 & 0 & 2990 \\
Aurora (gateway) &  601.977 & 0.223592 & 0 & 2990 \\
Aurora (octile - top 10 \%) &  1140.12 & 2.2046 & 0 & 299 \\
Aurora (gateway - top 10 \%) &  1140.12 & 0.68611 & 0 & 299 \\
Backwoods (octile) &  490.006 & 0.133608 & 0 & 2430 \\
Backwoods (gateway) &  490.006 & 0.0772592 & 0 & 2430 \\
Backwoods (octile - top 10 \%) &  927.336 & 0.341716 & 0 & 243 \\
Backwoods (gateway - top 10 \%) &  927.336 & 0.174427 & 0 & 243 \\
GladiatorPits (octile) &  524.031 & 0.382747 & 0 & 2600 \\
GladiatorPits (gateway) &  524.031 & 0.105072 & 0 & 2600 \\
GladiatorPits (octile - top 10 \%) &  992.075 & 1.48095 & 0 & 260 \\
GladiatorPits (gateway - top 10 \%) &  992.075 & 0.269674 & 0 & 260 \\
GreenerPastures (octile) &  521.99 & 0.444327 & 0 & 2590 \\
GreenerPastures (gateway) &  521.99 & 0.211134 & 0 & 2590 \\
GreenerPastures (octile - top 10 \%) &  988.217 & 1.74684 & 0 & 259 \\
GreenerPastures (gateway - top 10 \%) &  988.217 & 0.65764 & 0 & 259 \\



__________KAHA Astar again__________



AcrosstheCape (octile) &  65.9722 & 0.00121595 & 144.945 & 110 \\
AcrosstheCape (gateway) &  65.9722 & 0.00103418 & 121.864 & 110 \\
AcrosstheCape (octile - top 10 \%) &  85.6077 & 0.00243055 & 287.727 & 11 \\
AcrosstheCape (gateway - top 10 \%) &  85.6077 & 0.00139209 & 176.364 & 11 \\
AcrosstheCape (octile) &  14.0848 & 0.00012404 & 18.7 & 50 \\
AcrosstheCape (gateway) &  14.0848 & 0.0001334 & 18.7 & 50 \\
AcrosstheCape (octile - top 10 \%) &  22.5966 & 0.0002984 & 47.4 & 5 \\
AcrosstheCape (gateway - top 10 \%) &  22.5966 & 0.0003052 & 47.4 & 5 \\
Aftershock (gateway) &  13.8819 & 0.00011538 & 17.44 & 50 \\
Aftershock (gateway - top 10 \%) &  21.5681 & 0.0001798 & 30.6 & 5 \\
Archipelago (octile) &  14.1373 & 0.00010348 & 16.34 & 50 \\
ArcticStation (octile) &  14.1162 & 0.0001164 & 18.14 & 50 \\
ArcticStation (gateway) &  14.1162 & 0.00011848 & 18.14 & 50 \\



_______Profiling tests________

AcrosstheCape (octile) &  14.0848 & 0.0001219 & 18.7 & 50 \\
AcrosstheCape (gateway) &  14.0848 & 0.00012806 & 18.7 & 50 \\
AcrosstheCape (octile - top 10 \%) &  22.5966 & 0.0002898 & 47.4 & 5 \\
AcrosstheCape (gateway - top 10 \%) &  22.5966 & 0.0002908 & 47.4 & 5 \\
Aftershock (gateway) &  13.8819 & 0.00011456 & 17.44 & 50 \\
Aftershock (gateway - top 10 \%) &  21.5681 & 0.0001804 & 30.6 & 5 \\
Archipelago (octile) &  14.1373 & 9.796e-05 & 16.34 & 50 \\
ArcticStation (octile) &  14.1162 & 0.0001187 & 18.14 & 50 \\
ArcticStation (gateway) &  14.1162 & 0.0001205 & 18.14 & 50 \\

AcrosstheCape (gateway) &  592.002 & 0.407906 & 26281.1 & 2940 \\
AcrosstheCape (octile) &  592.002 & 0.714394 & 54869.5 & 2940 \\


_____________REEXPANSIONS ADDED___________________

AcrosstheCape (octile) &  413.983 & 1.00953 & 23424.1 & 0 & 50 \\
AcrosstheCape (gateway) &  213.667 & 0.211376 & 4504.62 & 81.88 & 50 \\
AcrosstheCape (octile) &  413.983 & 1.0251 & 23424.1 & 0 & 50 \\
AcrosstheCape (gateway) &  413.983 & 0.643073 & 12103.6 & 1445.8 & 50 \\

AcrosstheCape (gateway) &  592.002 & 0.401148 & 26281.1 & 4285.77 & 2940 \\
Aftershock (gateway) &  366.007 & 0.215291 & 14074.9 & 1406.74 & 1810 \\
Archipelago (gateway) &  436.004 & 0.333224 & 23503.1 & 10520.5 & 2160 \\
ArcticStation (gateway) &  823.982 & 0.841449 & 58532.7 & 29480.9 & 4100 \\
Aurora (gateway) &  601.977 & 0.507784 & 31343.2 & 9183.33 & 2990 \\
Backwoods (gateway) &  490.006 & 0.194948 & 13196 & 2257.62 & 2430 \\
BigGameHunters (gateway) &  362.028 & 0.140923 & 11010.4 & 1833.26 & 1790 \\
BlackLotus (gateway) &  756.024 & 0.696949 & 46351.5 & 23181.2 & 3760 \\
BlastFurnace (gateway) &  615.973 & 0.60708 & 39593.8 & 12323.4 & 3060 \\
BrokenSteppes (gateway) &  559.994 & 0.457914 & 30901.7 & 9781.41 & 2780 \\
Brushfire (gateway) &  433.974 & 0.157151 & 11869.6 & 2685.6 & 2150 \\
Caldera (gateway) &  342.003 & 0.196626 & 14141.4 & 3483.71 & 1690 \\
CatwalkAlley (gateway) &  531.982 & 0.409919 & 29066.9 & 6112.36 & 2640 \\
Cauldron (gateway) &  803.988 & 1.02931 & 66193.6 & 19834 & 4000 \\
CrashSites (gateway) &  566.027 & 0.36821 & 25281 & 3350.96 & 2810 \\
CrescentMoon (gateway) &  371.949 & 0.237331 & 17359.8 & 4366.6 & 1840 \\
Crossroads (gateway) &  558.019 & 0.352504 & 24824.1 & 2870.88 & 2770 \\
DarkContinent (gateway) &  509.998 & 0.415887 & 29244 & 11173.2 & 2530 \\
Desolation (gateway) &  376.035 & 0.170451 & 12633.6 & 1067.22 & 1860 \\
EbonLakes (gateway) &  399.969 & 0.232057 & 16850.2 & 5691.17 & 1980 \\
Elderlands (gateway) &  489.992 & 0.254956 & 17517.3 & 2584.97 & 2430 \\
Enigma (gateway) &  657.994 & 0.402955 & 27563.4 & 4195.12 & 3270 \\
Entanglement (gateway) &  337.968 & 0.14526 & 10070.3 & 2320.58 & 1670 \\
Eruption (gateway) &  362.04 & 0.190175 & 13250.9 & 2689.88 & 1790 \\
Expedition (gateway) &  641.952 & 0.617579 & 40322.1 & 12094.6 & 3190 \\
FireWalker (gateway) &  507.999 & 0.232631 & 18072.9 & 615.409 & 2520 \\
FloodedPlains (gateway) &  551.988 & 0.252467 & 16846.9 & 2041.14 & 2740 \\
GhostTown (gateway) &  463.98 & 0.392894 & 24846.5 & 3904.62 & 2300 \\
GladiatorPits (gateway) &  524.031 & 0.343154 & 24235.1 & 9119.68 & 2600 \\
GreenerPastures (gateway) &  521.99 & 1.00664 & 69405.9 & 39747.5 & 2590 \\
Hellfire (gateway) &  567.958 & 0.504373 & 34950.3 & 11995.2 & 2820 \\
AR0011SR (gateway) &  256.401 & 0.0828532 & 6410.2 & 917.714 & 1280 \\
AR0012SR (gateway) &  256.237 & 0.0829096 & 5603.82 & 372.948 & 1280 \\
AR0016SR (gateway) &  244.874 & 0.0705735 & 5462.57 & 462.928 & 1221 \\
AR0017SR (gateway) &  256.228 & 0.0718862 & 5648.26 & 320.147 & 1280 \\
AR0018SR (gateway) &  256.336 & 0.0929409 & 6641.14 & 566.82 & 1280 \\
AR0020SR (gateway) &  252.415 & 0.0592246 & 6161.12 & 16.3333 & 1260 \\
AR0041SR (gateway) &  256.26 & 0.0665226 & 8151.08 & 0 & 1280 \\
AR0042SR (gateway) &  256.248 & 0.0738108 & 9115.91 & 0 & 1280 \\
AR0043SR (gateway) &  256.293 & 0.07413 & 9019.86 & 0 & 1280 \\
AR0044SR (gateway) &  256.336 & 0.069933 & 8538.38 & 0 & 1280 \\
AR0045SR (gateway) &  256.25 & 0.0788416 & 8375.34 & 0 & 1280 \\
AR0046SR (gateway) &  256.249 & 0.0620577 & 6999.26 & 0 & 1280 \\
AR0070SR (gateway) &  256.394 & 0.0539511 & 4439.68 & 298.205 & 1280 \\
AR0071SR (gateway) &  256.343 & 0.0629888 & 5065.22 & 420.396 & 1280 \\
AR0072SR (gateway) &  256.284 & 0.0544669 & 4692.12 & 244.905 & 1280 \\
AR0201SR (gateway) &  256.251 & 0.0342464 & 3164.3 & 28.25 & 1280 \\
AR0202SR (gateway) &  256.394 & 0.0542107 & 4364.9 & 699.648 & 1280 \\
AR0203SR (gateway) &  256.206 & 0.0830809 & 7868.46 & 0.00546875 & 1280 \\
AR0205SR (gateway) &  256.256 & 0.0536864 & 4163.01 & 522.891 & 1280 \\
AR0206SR (gateway) &  235.484 & 0.0553284 & 4800.83 & 299.206 & 1175 \\
AR0300SR (gateway) &  256.326 & 0.0593143 & 4559.64 & 788.565 & 1280 \\
AR0302SR (gateway) &  247.245 & 0.0789189 & 6263.26 & 80.0032 & 1233 \\
AR0304SR (gateway) &  255.341 & 0.0847192 & 6630.94 & 1110.6 & 1275 \\
AR0306SR (gateway) &  256.239 & 0.0740854 & 5899.42 & 215.141 & 1280 \\
AR0308SR (gateway) &  256.272 & 0.121487 & 8718.59 & 1368.3 & 1280 \\
AR0400SR (gateway) &  256.507 & 0.0644507 & 5468.58 & 488.905 & 1280 \\
AR0404SR (gateway) &  256.307 & 0.0863712 & 6985.98 & 2193.13 & 1280 \\
AR0405SR (gateway) &  256.367 & 0.0566876 & 4557.31 & 383.082 & 1280 \\
AR0406SR (gateway) &  256.355 & 0.0454283 & 3617.57 & 345.277 & 1280 \\
AR0412SR (gateway) &  256.23 & 0.076055 & 6291.02 & 921.25 & 1280 \\
AR0418SR (gateway) &  175.064 & 0.019787 & 2643.4 & 0 & 874 \\
AR0500SR (gateway) &  256.352 & 0.0771912 & 5933.25 & 1248.11 & 1280 \\
AR0526SR (gateway) &  234.007 & 0.0672827 & 5931.95 & 1.64726 & 1168 \\
AR0600SR (gateway) &  256.266 & 0.0373472 & 3441.07 & 0 & 1280 \\
AR0602SR (gateway) &  256.484 & 0.0484519 & 3922.25 & 514.718 & 1280 \\
AR0605SR (gateway) &  243.527 & 0.0629754 & 6515.35 & 0 & 1215 \\
AR0700SR (gateway) &  256.341 & 0.0864252 & 5755.05 & 754.923 & 1280 \\
AR0711SR (gateway) &  256.297 & 0.0406301 & 3650.61 & 28.1312 & 1280 \\


Archipelago (gateway) &  436.004 & 0.328127 & 23288.5 & 9621.68 & 2160 \\
Aurora (gateway) &  601.977 & 1.47317 & 59310.5 & 18799.8 & 2990 \\
Caldera (gateway) &  342.003 & 0.196368 & 14141.4 & 3483.71 & 1690 \\
CrashSites (gateway) &  566.027 & 0.96153 & 63996.8 & 39018.4 & 2810 \\
CrescentMoon (gateway) &  371.949 & 0.237089 & 17359.8 & 4366.6 & 1840 \\
Entanglement (gateway) &  337.968 & 0.205889 & 12634.4 & 2065.53 & 1670 \\
Expedition (gateway) &  641.952 & 0.673207 & 40329.1 & 11063.3 & 3190 \\
GhostTown (gateway) &  463.98 & 0.44186 & 29283.1 & 8071.04 & 2300 \\
GreenerPastures (gateway) &  521.99 & 0.727337 & 52587.8 & 24208.2 & 2590 \\


